<?xml version="1.0" encoding="UTF-8"?>
<!-- Generated by org.testng.reporters.JUnitReportReporter -->
<testsuite hostname="AnyName" failures="0" tests="1" name="saucedemotest.AddCart" time="4.525" errors="0" timestamp="2023-10-17T00:40:21 EDT" skipped="0">
  <testcase classname="saucedemotest.AddCart" name="test1" time="4.525"/>
</testsuite> <!-- saucedemotest.AddCart -->
