<?xml version="1.0" encoding="UTF-8"?>
<!-- Generated by org.testng.reporters.JUnitReportReporter -->
<testsuite hostname="AnyName" failures="0" tests="1" name="saucedemotest.dropDown" time="3.661" errors="0" timestamp="2023-10-17T17:36:10 EDT" skipped="0">
  <testcase classname="saucedemotest.dropDown" name="test1" time="3.661"/>
</testsuite> <!-- saucedemotest.dropDown -->
