<?xml version="1.0" encoding="UTF-8"?>
<!-- Generated by org.testng.reporters.JUnitReportReporter -->
<testsuite hostname="AnyName" failures="0" tests="1" name="saucedemotest.ValidLoginExampleTest" time="3.020" errors="0" timestamp="2023-10-16T21:32:45 EDT" skipped="0">
  <testcase classname="saucedemotest.ValidLoginExampleTest" name="test1" time="3.020"/>
</testsuite> <!-- saucedemotest.ValidLoginExampleTest -->
