<?xml version="1.0" encoding="UTF-8"?>
<!-- Generated by org.testng.reporters.JUnitReportReporter -->
<testsuite hostname="AnyName" failures="0" tests="2" name="saucedemotest.InvalidLoginTest" time="7.346" errors="0" timestamp="2023-10-16T21:32:45 EDT" skipped="0">
  <testcase classname="saucedemotest.InvalidLoginTest" name="test1" time="3.735"/>
  <testcase classname="saucedemotest.InvalidLoginTest" name="test2" time="3.611"/>
</testsuite> <!-- saucedemotest.InvalidLoginTest -->
